<?xml version="1.0" encoding="UTF-8"?>
<!-- Generated by org.testng.reporters.JUnitXMLReporter -->
<testsuite ignored="0" hostname="DESKTOP-49Q3KB3" failures="0" tests="3" name="Default test" time="24.746" errors="0" timestamp="2023-01-30T17:31:55 BDT">
  <testcase classname="demodashboard.test1" name="loginToApplication" time="10.433"/>
  <testcase classname="demodashboard.test1" name="openPortfolio" time="0.937"/>
  <testcase classname="demodashboard.test1" name="AAPortfolio" time="6.586"/>
</testsuite> <!-- Default test -->
