<?xml version="1.0" encoding="UTF-8"?>
<testng-results ignored="0" total="3" passed="3" failed="0" skipped="0">
  <reporter-output>
  </reporter-output>
  <suite started-at="2023-01-30T17:31:30 BDT" name="Default suite" finished-at="2023-01-30T17:31:55 BDT" duration-ms="24746">
    <groups>
    </groups>
    <test started-at="2023-01-30T17:31:30 BDT" name="Default test" finished-at="2023-01-30T17:31:55 BDT" duration-ms="24746">
      <class name="demodashboard.test1">
        <test-method is-config="true" signature="openBrowser()[pri:0, instance:demodashboard.test1@3fa76c61]" started-at="2023-01-30T17:31:30 BDT" name="openBrowser" finished-at="2023-01-30T17:31:37 BDT" duration-ms="6733" status="PASS">
          <reporter-output>
          </reporter-output>
        </test-method> <!-- openBrowser -->
        <test-method signature="loginToApplication()[pri:0, instance:demodashboard.test1@3fa76c61]" started-at="2023-01-30T17:31:37 BDT" name="loginToApplication" finished-at="2023-01-30T17:31:48 BDT" duration-ms="10433" status="PASS">
          <reporter-output>
          </reporter-output>
        </test-method> <!-- loginToApplication -->
        <test-method signature="openPortfolio()[pri:0, instance:demodashboard.test1@3fa76c61]" started-at="2023-01-30T17:31:48 BDT" name="openPortfolio" finished-at="2023-01-30T17:31:49 BDT" depends-on-methods="demodashboard.test1.loginToApplication" duration-ms="937" status="PASS">
          <reporter-output>
          </reporter-output>
        </test-method> <!-- openPortfolio -->
        <test-method signature="AAPortfolio()[pri:0, instance:demodashboard.test1@3fa76c61]" started-at="2023-01-30T17:31:49 BDT" name="AAPortfolio" finished-at="2023-01-30T17:31:55 BDT" depends-on-methods="demodashboard.test1.openPortfolio" duration-ms="6586" status="PASS">
          <reporter-output>
          </reporter-output>
        </test-method> <!-- AAPortfolio -->
      </class> <!-- demodashboard.test1 -->
    </test> <!-- Default test -->
  </suite> <!-- Default suite -->
</testng-results>
